Mar 17 00:37:54 claires-MBP com.apple.dt.xcodebuild[30856] <Error>: Unable to deliver request ({
	    "developer_dir" = "/Applications/Xcode.app/Contents/Developer";
	    request = "set_developer_dir";
	}) because we are not connected to CoreSimulatorService.
Mar 17 00:37:54 claires-MBP com.apple.dt.xcodebuild[30856] <Warning>: Unable to discover any Simulator runtimes. Developer Directory is /Applications/Xcode.app/Contents/Developer.
Mar 17 00:37:54 claires-MBP com.apple.dt.xcodebuild[30856] <Error>: Unable to deliver request ({
	    request = "notification_subscription";
	    "set_path" = "/Users/liuyang/Library/Developer/CoreSimulator/Devices";
	}) because we are not connected to CoreSimulatorService.
Mar 17 00:37:54 claires-MBP com.apple.dt.xcodebuild[30856] <Error>: Could not get list of trusted mount directories: Error Domain=com.apple.CoreSimulator.SimError Code=409 "Cannot talk to the service used to manage runtime disk images (simdiskimaged) because its launchd job is not registered or was unloaded" UserInfo={NSLocalizedDescription=Cannot talk to the service used to manage runtime disk images (simdiskimaged) because its launchd job is not registered or was unloaded}
Mar 17 00:37:54 claires-MBP com.apple.dt.xcodebuild[30856] <Error>: simdiskimaged connection is currently unavailable because connection became invalid
Mar 17 00:37:54 claires-MBP com.apple.dt.xcodebuild[30856] <Error>: Unable to deliver request ({
	    request = "notification_subscription";
	    "set_path" = "/Users/liuyang/Library/Developer/CoreSimulator/Devices";
	}) because we are not connected to CoreSimulatorService.
Mar 17 00:37:54 claires-MBP com.apple.dt.xcodebuild[30856] <Error>: simdiskimaged connection is currently unavailable because connection became invalid
Mar 17 00:37:54 claires-MBP com.apple.dt.xcodebuild[30856] <Error>: Could not kickstart simdiskimaged; SimDiskImageManager services will not be available: Error Domain=NSPOSIXErrorDomain Code=53 "Software caused connection abort" UserInfo={NSLocalizedDescription=Error returned in reply from CoreSimulatorService: Connection invalid}
Mar 18 22:22:44 claires-MBP com.apple.dt.xcodebuild[15957] <Error>: Unable to deliver request ({
	    "developer_dir" = "/Applications/Xcode.app/Contents/Developer";
	    request = "set_developer_dir";
	}) because we are not connected to CoreSimulatorService.
Mar 18 22:22:44 claires-MBP com.apple.dt.xcodebuild[15957] <Warning>: Unable to discover any Simulator runtimes. Developer Directory is /Applications/Xcode.app/Contents/Developer.
Mar 18 22:22:44 claires-MBP com.apple.dt.xcodebuild[15957] <Error>: Unable to deliver request ({
	    request = "notification_subscription";
	    "set_path" = "/Users/liuyang/Library/Developer/CoreSimulator/Devices";
	}) because we are not connected to CoreSimulatorService.
Mar 18 22:22:44 claires-MBP com.apple.dt.xcodebuild[15957] <Error>: Could not kickstart simdiskimaged; SimDiskImageManager services will not be available: Error Domain=NSPOSIXErrorDomain Code=53 "Software caused connection abort" UserInfo={NSLocalizedDescription=Error returned in reply from CoreSimulatorService: Connection invalid}
Mar 18 22:22:44 claires-MBP com.apple.dt.xcodebuild[15957] <Error>: Could not get list of trusted mount directories: Error Domain=com.apple.CoreSimulator.SimError Code=410 "The service used to manage runtime disk images (simdiskimaged) crashed or is not responding" UserInfo={NSLocalizedDescription=The service used to manage runtime disk images (simdiskimaged) crashed or is not responding}
Mar 18 22:22:44 claires-MBP com.apple.dt.xcodebuild[15957] <Error>: simdiskimaged returned error (invalid), marking disconnected.
Mar 18 22:22:44 claires-MBP com.apple.dt.xcodebuild[15957] <Error>: simdiskimaged returned error (invalid), marking disconnected.
Mar 18 22:22:44 claires-MBP com.apple.dt.xcodebuild[15957] <Error>: Unable to deliver request ({
	    request = "notification_subscription";
	    "set_path" = "/Users/liuyang/Library/Developer/CoreSimulator/Devices";
	}) because we are not connected to CoreSimulatorService.
